<?xml version="1.0" encoding="UTF-8"?>
<testng-results ignored="0" total="8" passed="7" failed="1" skipped="0">
  <reporter-output>
  </reporter-output>
  <suite started-at="2025-07-21T13:24:44 IST" name="Api Automation Suite" finished-at="2025-07-21T13:24:51 IST" duration-ms="6913">
    <groups>
      <group name="reg">
        <method signature="LoginTest.validateTheEmailIdAfterLogin()[pri:0, instance:com.api.tests.LoginTest@399f45b1]" name="validateTheEmailIdAfterLogin" class="com.api.tests.LoginTest"/>
        <method signature="LoginTest.verifyStatusCodeForInValidEmailLogin()[pri:0, instance:com.api.tests.LoginTest@399f45b1]" name="verifyStatusCodeForInValidEmailLogin" class="com.api.tests.LoginTest"/>
        <method signature="LoginTest.verifyStatusCodeForInValidPassLogin()[pri:0, instance:com.api.tests.LoginTest@399f45b1]" name="verifyStatusCodeForInValidPassLogin" class="com.api.tests.LoginTest"/>
        <method signature="LoginTest.verifyStatusCodeForValidLogin()[pri:0, instance:com.api.tests.LoginTest@399f45b1]" name="verifyStatusCodeForValidLogin" class="com.api.tests.LoginTest"/>
        <method signature="UserProfileTest.updateEmail()[pri:0, instance:com.api.tests.UserProfileTest@3febb011]" name="updateEmail" class="com.api.tests.UserProfileTest"/>
        <method signature="UserProfileTest.updateFirstName()[pri:0, instance:com.api.tests.UserProfileTest@3febb011]" name="updateFirstName" class="com.api.tests.UserProfileTest"/>
        <method signature="UserProfileTest.updateLastName()[pri:0, instance:com.api.tests.UserProfileTest@3febb011]" name="updateLastName" class="com.api.tests.UserProfileTest"/>
        <method signature="UserProfileTest.updateMobileNumber()[pri:0, instance:com.api.tests.UserProfileTest@3febb011]" name="updateMobileNumber" class="com.api.tests.UserProfileTest"/>
      </group> <!-- reg -->
      <group name="profile">
        <method signature="UserProfileTest.updateEmail()[pri:0, instance:com.api.tests.UserProfileTest@3febb011]" name="updateEmail" class="com.api.tests.UserProfileTest"/>
        <method signature="UserProfileTest.updateFirstName()[pri:0, instance:com.api.tests.UserProfileTest@3febb011]" name="updateFirstName" class="com.api.tests.UserProfileTest"/>
        <method signature="UserProfileTest.updateLastName()[pri:0, instance:com.api.tests.UserProfileTest@3febb011]" name="updateLastName" class="com.api.tests.UserProfileTest"/>
        <method signature="UserProfileTest.updateMobileNumber()[pri:0, instance:com.api.tests.UserProfileTest@3febb011]" name="updateMobileNumber" class="com.api.tests.UserProfileTest"/>
      </group> <!-- profile -->
      <group name="login">
        <method signature="LoginTest.validateTheEmailIdAfterLogin()[pri:0, instance:com.api.tests.LoginTest@399f45b1]" name="validateTheEmailIdAfterLogin" class="com.api.tests.LoginTest"/>
        <method signature="LoginTest.verifyStatusCodeForInValidEmailLogin()[pri:0, instance:com.api.tests.LoginTest@399f45b1]" name="verifyStatusCodeForInValidEmailLogin" class="com.api.tests.LoginTest"/>
        <method signature="LoginTest.verifyStatusCodeForInValidPassLogin()[pri:0, instance:com.api.tests.LoginTest@399f45b1]" name="verifyStatusCodeForInValidPassLogin" class="com.api.tests.LoginTest"/>
        <method signature="LoginTest.verifyStatusCodeForValidLogin()[pri:0, instance:com.api.tests.LoginTest@399f45b1]" name="verifyStatusCodeForValidLogin" class="com.api.tests.LoginTest"/>
      </group> <!-- login -->
    </groups>
    <test started-at="2025-07-21T13:24:44 IST" name="Api Test Cases" finished-at="2025-07-21T13:24:51 IST" duration-ms="6913">
      <class name="com.api.tests.LoginTest">
        <test-method signature="validateTheEmailIdAfterLogin()[pri:0, instance:com.api.tests.LoginTest@399f45b1]" started-at="2025-07-21T13:24:44 IST" name="validateTheEmailIdAfterLogin" finished-at="2025-07-21T13:24:48 IST" duration-ms="4568" status="FAIL">
          <exception class="java.lang.AssertionError">
            <message>
              <![CDATA[expected [puluthii181@gmail.com] but found [puluthii11@gmail.com]]]>
            </message>
            <full-stacktrace>
              <![CDATA[java.lang.AssertionError: expected [puluthii181@gmail.com] but found [puluthii11@gmail.com]
at org.testng.Assert.fail(Assert.java:111)
at org.testng.Assert.failNotEquals(Assert.java:1578)
at org.testng.Assert.assertEqualsImpl(Assert.java:150)
at org.testng.Assert.assertEquals(Assert.java:132)
at org.testng.Assert.assertEquals(Assert.java:656)
at org.testng.Assert.assertEquals(Assert.java:666)
at com.api.tests.LoginTest.validateTheEmailIdAfterLogin(LoginTest.java:63)
at java.base/jdk.internal.reflect.NativeMethodAccessorImpl.invoke0(Native Method)
at java.base/jdk.internal.reflect.NativeMethodAccessorImpl.invoke(NativeMethodAccessorImpl.java:62)
at java.base/jdk.internal.reflect.DelegatingMethodAccessorImpl.invoke(DelegatingMethodAccessorImpl.java:43)
at java.base/java.lang.reflect.Method.invoke(Method.java:566)
at org.testng.internal.invokers.MethodInvocationHelper.invokeMethod(MethodInvocationHelper.java:141)
at org.testng.internal.invokers.TestInvoker.invokeMethod(TestInvoker.java:686)
at org.testng.internal.invokers.TestInvoker.invokeTestMethod(TestInvoker.java:230)
at org.testng.internal.invokers.MethodRunner.runInSequence(MethodRunner.java:63)
at org.testng.internal.invokers.TestInvoker$MethodInvocationAgent.invoke(TestInvoker.java:992)
at org.testng.internal.invokers.TestInvoker.invokeTestMethods(TestInvoker.java:203)
at org.testng.internal.invokers.TestMethodWorker.invokeTestMethods(TestMethodWorker.java:154)
at org.testng.internal.invokers.TestMethodWorker.run(TestMethodWorker.java:134)
at java.base/java.util.ArrayList.forEach(ArrayList.java:1541)
at org.testng.TestRunner.privateRun(TestRunner.java:739)
at org.testng.TestRunner.run(TestRunner.java:614)
at org.testng.SuiteRunner.runTest(SuiteRunner.java:421)
at org.testng.SuiteRunner$SuiteWorker.run(SuiteRunner.java:463)
at org.testng.internal.thread.ThreadUtil.lambda$execute$0(ThreadUtil.java:64)
at java.base/java.util.concurrent.FutureTask.run(FutureTask.java:264)
at java.base/java.util.concurrent.ThreadPoolExecutor.runWorker(ThreadPoolExecutor.java:1128)
at java.base/java.util.concurrent.ThreadPoolExecutor$Worker.run(ThreadPoolExecutor.java:628)
at java.base/java.lang.Thread.run(Thread.java:834)
]]>
            </full-stacktrace>
          </exception> <!-- java.lang.AssertionError -->
          <reporter-output>
          </reporter-output>
        </test-method> <!-- validateTheEmailIdAfterLogin -->
        <test-method signature="verifyStatusCodeForInValidEmailLogin()[pri:0, instance:com.api.tests.LoginTest@399f45b1]" started-at="2025-07-21T13:24:48 IST" name="verifyStatusCodeForInValidEmailLogin" finished-at="2025-07-21T13:24:49 IST" duration-ms="188" status="PASS">
          <reporter-output>
          </reporter-output>
        </test-method> <!-- verifyStatusCodeForInValidEmailLogin -->
        <test-method signature="verifyStatusCodeForInValidPassLogin()[pri:0, instance:com.api.tests.LoginTest@399f45b1]" started-at="2025-07-21T13:24:49 IST" name="verifyStatusCodeForInValidPassLogin" finished-at="2025-07-21T13:24:49 IST" duration-ms="190" status="PASS">
          <reporter-output>
          </reporter-output>
        </test-method> <!-- verifyStatusCodeForInValidPassLogin -->
        <test-method signature="verifyStatusCodeForValidLogin()[pri:0, instance:com.api.tests.LoginTest@399f45b1]" started-at="2025-07-21T13:24:49 IST" name="verifyStatusCodeForValidLogin" description="login verification test" finished-at="2025-07-21T13:24:49 IST" duration-ms="213" status="PASS">
          <reporter-output>
          </reporter-output>
        </test-method> <!-- verifyStatusCodeForValidLogin -->
      </class> <!-- com.api.tests.LoginTest -->
      <class name="com.api.tests.UserProfileTest">
        <test-method signature="updateEmail()[pri:0, instance:com.api.tests.UserProfileTest@3febb011]" started-at="2025-07-21T13:24:49 IST" name="updateEmail" finished-at="2025-07-21T13:24:50 IST" duration-ms="558" status="PASS">
          <reporter-output>
          </reporter-output>
        </test-method> <!-- updateEmail -->
        <test-method signature="updateFirstName()[pri:0, instance:com.api.tests.UserProfileTest@3febb011]" started-at="2025-07-21T13:24:50 IST" name="updateFirstName" finished-at="2025-07-21T13:24:50 IST" duration-ms="311" status="PASS">
          <reporter-output>
          </reporter-output>
        </test-method> <!-- updateFirstName -->
        <test-method signature="updateLastName()[pri:0, instance:com.api.tests.UserProfileTest@3febb011]" started-at="2025-07-21T13:24:50 IST" name="updateLastName" finished-at="2025-07-21T13:24:50 IST" duration-ms="410" status="PASS">
          <reporter-output>
          </reporter-output>
        </test-method> <!-- updateLastName -->
        <test-method signature="updateMobileNumber()[pri:0, instance:com.api.tests.UserProfileTest@3febb011]" started-at="2025-07-21T13:24:50 IST" name="updateMobileNumber" finished-at="2025-07-21T13:24:51 IST" duration-ms="346" status="PASS">
          <reporter-output>
          </reporter-output>
        </test-method> <!-- updateMobileNumber -->
      </class> <!-- com.api.tests.UserProfileTest -->
    </test> <!-- Api Test Cases -->
  </suite> <!-- Api Automation Suite -->
</testng-results>
